[28/11/18 06:10:39:039 IST] ERROR RuleGroupDAOImpl deleteRuleGroup: Error occured while deleting rule group (1,RuleList1,null,null,null,[]-). So rolling back.:null
[28/11/18 06:18:50:050 IST] ERROR RuleGroupDAOImpl deleteRuleGroup: Error occured while deleting rule group (2,RuleList2,null,null,null,[]-). So rolling back.:null
[30/11/18 11:52:11:011 IST] ERROR RulesDAOImpl getAllRulesDescription: Error occured while getting description for all rules: null
[30/11/18 11:52:11:011 IST] ERROR RECache initializeRuleCommentry: Error occured while initializing all the rules descriptions:null
[30/11/18 12:14:36:036 IST] ERROR RulesDAOImpl getAllRulesDescription: Error occured while getting description for all rules: null
[30/11/18 12:14:36:036 IST] ERROR RECache initializeRuleCommentry: Error occured while initializing all the rules descriptions:null
[30/11/18 12:17:30:030 IST] ERROR RulesDAOImpl getAllRulesDescription: Error occured while getting description for all rules: null
[30/11/18 12:17:30:030 IST] ERROR RECache initializeRuleCommentry: Error occured while initializing all the rules descriptions:null
[30/11/18 12:30:22:022 IST] ERROR RECache initializeRuleCommentry: Error occured while initializing all the rules descriptions:null
[03/12/18 02:09:09:009 IST] ERROR RepositoryDAOImpl loadCodeTypes: Error occured while loading CodeTypes:null
[03/12/18 02:09:09:009 IST] ERROR RepositoryDAOImpl loadCodeTypes: Error occured while loading CodeTypes:null
[03/12/18 02:42:42:042 IST] ERROR RepositoryDAOImpl loadCodeTypes: Error occured while loading CodeTypes:null
[03/12/18 02:42:42:042 IST] ERROR RepositoryDAOImpl loadCodeTypes: Error occured while loading CodeTypes:null
[03/12/18 02:55:51:051 IST] ERROR RepositoryDAOImpl loadCodeTypes: Error occured while loading CodeTypes:null
[03/12/18 02:55:51:051 IST] ERROR RepositoryDAOImpl loadCodeTypes: Error occured while loading CodeTypes:null
[03/12/18 02:57:22:022 IST] ERROR RepositoryDAOImpl loadCodeTypes: Error occured while loading CodeTypes:null
[03/12/18 05:36:41:041 IST] ERROR RepositoryDAOImpl loadCodeTypes: Error occured while loading CodeTypes:null
[03/12/18 05:43:03:003 IST] ERROR RepositoryDAOImpl loadCodeTypes: Error occured while loading CodeTypes:null
[03/12/18 05:44:34:034 IST] ERROR RepositoryDAOImpl loadCodeTypes: Error occured while loading CodeTypes:null
[03/12/18 05:50:18:018 IST] ERROR RepositoryDAOImpl loadCodeTypes: Error occured while loading CodeTypes:null
[03/12/18 06:00:32:032 IST] ERROR RepositoryDAOImpl loadCodeTypes: Error occured while loading CodeTypes:null
[04/12/18 12:56:30:030 IST] ERROR RepositoryDAOImpl loadCodeTypes: Error occured while loading CodeTypes:null
[04/12/18 12:57:21:021 IST] ERROR RepositoryDAOImpl loadCodeTypes: Error occured while loading CodeTypes:null
[04/12/18 01:04:48:048 IST] ERROR RuleGroupDAOImpl loadCodeTypes: Error occured while loading CodeTypes:null
[04/12/18 01:05:45:045 IST] ERROR RuleGroupDAOImpl loadCodeTypes: Error occured while loading CodeTypes:null
[04/12/18 01:08:57:057 IST] ERROR RuleGroupDAOImpl loadCodeTypes: Error occured while loading CodeTypes:null
[04/12/18 01:09:16:016 IST] ERROR RuleGroupDAOImpl getAllRuleList: Error occured while getting All rule lists:null
[04/12/18 01:21:44:044 IST] ERROR RuleGroupDAOImpl loadCodeTypes: Error occured while loading CodeTypes:null
[04/12/18 01:21:53:053 IST] ERROR RuleGroupDAOImpl getAllRuleList: Error occured while getting All rule lists:null
[04/12/18 01:24:50:050 IST] ERROR RuleGroupDAOImpl loadCodeTypes: Error occured while loading CodeTypes:null
[04/12/18 01:24:53:053 IST] ERROR RuleGroupDAOImpl getAllRuleList: Error occured while getting All rule lists:null
[05/12/18 12:32:36:036 IST] ERROR RepositoryDAOImpl loadCodeTypes: Error occured while loading CodeTypes:null
[05/12/18 12:33:43:043 IST] ERROR RepositoryDAOImpl loadCodeTypes: Error occured while loading CodeTypes:null
[05/12/18 12:39:41:041 IST] ERROR RepositoryDAOImpl loadCodeTypes: Error occured while loading CodeTypes:null
[05/12/18 12:44:33:033 IST] ERROR RepositoryDAOImpl loadCodeTypes: Error occured while loading CodeTypes:null
[05/12/18 12:46:20:020 IST] ERROR RepositoryDAOImpl loadCodeTypes: Error occured while loading CodeTypes:null
[05/12/18 03:30:00:000 IST] ERROR RepositoryDAOImpl loadDatabaseTypes: Error occured while loading DBTypes:null
[05/12/18 04:19:59:059 IST] ERROR CriticalityDAOImpl assignRulesToCriticality: Error occured while assigning rule to criticality:null
[10/12/18 03:47:28:028 IST] ERROR CategoryDAOImpl createCategory: Error occured while creating category level (0,,tiger@gmail.com,-). So rolling back.:ORA-01400: cannot insert NULL into ("UNDRA1"."CBP_CATEGORY"."CBP_CATEGORY_NAME")

[10/12/18 03:48:08:008 IST] ERROR CategoryDAOImpl createCategory: Error occured while creating category level (0,,tiger@gmail.com,-). So rolling back.:ORA-01400: cannot insert NULL into ("UNDRA1"."CBP_CATEGORY"."CBP_CATEGORY_NAME")

[10/12/18 03:49:39:039 IST] ERROR CategoryDAOImpl createCategory: Error occured while creating category level (0,,tiger@gmail.com,-). So rolling back.:ORA-01400: cannot insert NULL into ("UNDRA1"."CBP_CATEGORY"."CBP_CATEGORY_NAME")

[10/12/18 06:01:15:015 IST] ERROR RepositoryDAOImpl loadDatabaseTypes: Error occured while loading DBTypes:null
[10/12/18 06:01:15:015 IST] ERROR RepositoryDAOImpl loadRepositoryTypes: Error occured while loading RepositoryTypes:null
[10/12/18 07:20:30:030 IST] ERROR ProjectDAOImpl getProjects: Error occurred while getting project details:Listener refused the connection with the following error:
ORA-12519, TNS:no appropriate service handler found
 
[10/12/18 07:21:15:015 IST] ERROR GenericDAO getConnection: Error occurred while getting the connection:Listener refused the connection with the following error:
ORA-12519, TNS:no appropriate service handler found
 
[10/12/18 07:21:26:026 IST] ERROR GenericDAO getConnection: Error occurred while getting the connection:Listener refused the connection with the following error:
ORA-12519, TNS:no appropriate service handler found
 
[10/12/18 07:45:58:058 IST] ERROR ProjectDAOImpl getProjects: Error occurred while getting project details:Listener refused the connection with the following error:
ORA-12519, TNS:no appropriate service handler found
 
[10/12/18 07:46:27:027 IST] ERROR ProjectDAOImpl getProjects: Error occurred while getting project details:Listener refused the connection with the following error:
ORA-12519, TNS:no appropriate service handler found
 
[10/12/18 07:47:26:026 IST] ERROR ProjectDAOImpl getProjects: Error occurred while getting project details:Listener refused the connection with the following error:
ORA-12519, TNS:no appropriate service handler found
 
[10/12/18 07:47:46:046 IST] ERROR ProjectDAOImpl getProjects: Error occurred while getting project details:Listener refused the connection with the following error:
ORA-12519, TNS:no appropriate service handler found
 
[11/12/18 12:24:09:009 IST] ERROR ProjectDAOImpl getProjects: Error occurred while getting project details:Listener refused the connection with the following error:
ORA-12519, TNS:no appropriate service handler found
 
[11/12/18 12:30:17:017 IST] ERROR ProjectDAOImpl getProjects: Error occurred while getting project details:Listener refused the connection with the following error:
ORA-12519, TNS:no appropriate service handler found
 
[11/12/18 12:34:12:012 IST] ERROR ProjectDAOImpl getProjects: Error occurred while getting project details:Listener refused the connection with the following error:
ORA-12519, TNS:no appropriate service handler found
 
[11/12/18 06:29:14:014 IST] ERROR RuleGroupDAOImpl deleteRuleGroup: Error occured while deleting rule group (4,ruleList2,null,null,null,[]-). So rolling back.:null
[12/12/18 11:50:28:028 IST] ERROR RulesDAOImpl updateProjectRuleParams: Error occured while adding/updating project rule parameters:Missing IN or OUT parameter at index:: 3
[12/12/18 02:34:51:051 IST] ERROR RuleGroupDAOImpl createRuleGroup: Error occured while creating rule group:Missing IN or OUT parameter at index:: 6
[12/12/18 02:35:37:037 IST] ERROR RuleGroupDAOImpl createRuleGroup: Error occured while creating rule group:Missing IN or OUT parameter at index:: 6
[12/12/18 02:38:24:024 IST] ERROR RuleGroupDAOImpl createRuleGroup: Error occured while creating rule group:Missing IN or OUT parameter at index:: 6
[12/12/18 02:39:00:000 IST] ERROR RuleGroupDAOImpl createRuleGroup: Error occured while creating rule group:Missing IN or OUT parameter at index:: 6
[12/12/18 03:10:03:003 IST] ERROR RepositoryDAOImpl loadCodeTypes: Error occured while loading CodeTypes:null
[12/12/18 03:10:03:003 IST] ERROR RuleGroupDAOImpl createUserRuleGroup: Error occured while creating user rule group:ORA-02291: integrity constraint (UNDRA1.R030) violated - parent key not found

[12/12/18 03:10:49:049 IST] ERROR RuleGroupDAOImpl createUserRuleGroup: Error occured while creating user rule group:ORA-02291: integrity constraint (UNDRA1.R030) violated - parent key not found

[12/12/18 03:12:20:020 IST] ERROR RuleGroupDAOImpl createUserRuleGroup: Error occured while creating user rule group:ORA-02291: integrity constraint (UNDRA1.R030) violated - parent key not found

[12/12/18 03:20:05:005 IST] ERROR RuleGroupDAOImpl createUserRuleGroup: Error occured while creating user rule group:ORA-01400: cannot insert NULL into ("UNDRA1"."CBP_USER_RULE_LIST"."CBP_USER_RULE_LIST_NAME")

[12/12/18 03:37:51:051 IST] ERROR RuleGroupDAOImpl createUserRuleGroup: Error occured while creating user rule group:ORA-02291: integrity constraint (UNDRA1.R030) violated - parent key not found

[12/12/18 03:39:22:022 IST] ERROR RuleGroupDAOImpl createUserRuleGroup: Error occured while creating user rule group:ORA-02291: integrity constraint (UNDRA1.R030) violated - parent key not found

[12/12/18 03:40:21:021 IST] ERROR RuleGroupDAOImpl createUserRuleGroup: Error occured while creating user rule group:ORA-02291: integrity constraint (UNDRA1.R030) violated - parent key not found

[12/12/18 04:18:53:053 IST] ERROR CategoryDAOImpl assignRulesToProjectCategory: Error occured while assigning rule to category:ORA-02291: integrity constraint (UNDRA1.R376) violated - parent key not found

[12/12/18 05:48:19:019 IST] ERROR ExternalRepositoryDAOImpl getAllFolders: Error occured while loading folders from repository:null due to null
[13/12/18 01:12:08:008 IST] ERROR RulesDAOImpl storeRuleCommentryDescription: Error occured while updating all rule commentries:ORA-01000: maximum open cursors exceeded

[13/12/18 01:19:12:012 IST] ERROR RulesDAOImpl storeRuleCommentryDescription: Error occured while updating all rule commentries:ORA-01000: maximum open cursors exceeded

[13/12/18 04:08:00:000 IST] ERROR RepositoryDAOImpl registerFolders: Error occured while registering folders to repository:ORA-00001: unique constraint (UNDRA1.XPKCBP_FOLDER) violated

[13/12/18 04:18:29:029 IST] ERROR RepositoryDAOImpl registerFolders: Error occured while registering folders to repository:ORA-00001: unique constraint (UNDRA1.XPKCBP_FOLDER) violated

[13/12/18 07:44:32:032 IST] ERROR RuleGroupDAOImpl createUserRuleGroup: Error occured while creating user rule group:ORA-02291: integrity constraint (UNDRA1.R030) violated - parent key not found

[13/12/18 07:47:37:037 IST] ERROR RuleGroupDAOImpl createUserRuleGroup: Error occured while creating user rule group:ORA-02291: integrity constraint (UNDRA1.R030) violated - parent key not found

[14/12/18 03:29:58:058 IST] ERROR RepositoryDAOImpl loadDatabaseTypes: Error occured while loading DBTypes:null
[14/12/18 03:29:58:058 IST] ERROR RepositoryDAOImpl loadRepositoryTypes: Error occured while loading RepositoryTypes:null
[14/12/18 03:42:02:002 IST] ERROR RepositoryDAOImpl loadDatabaseTypes: Error occured while loading DBTypes:null
[14/12/18 03:56:39:039 IST] ERROR RepositoryDAOImpl loadRepositoryTypes: Error occured while loading RepositoryTypes:ORA-00923: FROM keyword not found where expected

[15/12/18 01:55:28:028 IST] ERROR RulesDAOImpl getRulesByObjectType: Error occured while getting Rules by object type:null
[15/12/18 01:56:24:024 IST] ERROR RulesDAOImpl getRulesByObjectType: Error occured while getting Rules by object type:null
[16/12/18 01:30:19:019 IST] ERROR ExternalRepositoryDAOImpl loadLabels: Error occured while loading labels from repository:DEV due to ORA-01843: not a valid month

[17/12/18 11:33:21:021 IST] ERROR ExternalRepositoryDAOImpl loadLabels: Error occured while loading labels from repository:DEV due to ORA-01843: not a valid month

[17/12/18 11:33:47:047 IST] ERROR ExternalRepositoryDAOImpl loadLabels: Error occured while loading labels from repository:DEV due to ORA-01843: not a valid month

[18/12/18 12:16:33:033 IST] ERROR RepositoryDAOImpl registerConnections: Error occured while registering connections to repository:ORA-02291: integrity constraint (UNDRAVUE.CBP_DB_CONNECTION_FK01) violated - parent key not found

[18/12/18 12:19:11:011 IST] ERROR RepositoryDAOImpl registerConnections: Error occured while registering connections to repository:ORA-02291: integrity constraint (UNDRAVUE.CBP_DB_CONNECTION_FK01) violated - parent key not found

[18/12/18 12:33:25:025 IST] ERROR RepositoryDAOImpl registerConnections: Error occured while registering connections to repository:ORA-02291: integrity constraint (UNDRAVUE.CBP_DB_CONNECTION_FK01) violated - parent key not found

[18/12/18 12:35:32:032 IST] ERROR RepositoryDAOImpl registerConnections: Error occured while registering connections to repository:ORA-02291: integrity constraint (UNDRAVUE.CBP_DB_CONNECTION_FK01) violated - parent key not found

[18/12/18 12:35:50:050 IST] ERROR RepositoryDAOImpl registerConnections: Error occured while registering connections to repository:ORA-02291: integrity constraint (UNDRAVUE.CBP_DB_CONNECTION_FK01) violated - parent key not found

[18/12/18 12:36:49:049 IST] ERROR RepositoryDAOImpl registerConnections: Error occured while registering connections to repository:ORA-02291: integrity constraint (UNDRAVUE.CBP_DB_CONNECTION_FK01) violated - parent key not found

[18/12/18 12:39:23:023 IST] ERROR RepositoryDAOImpl registerConnections: Error occured while registering connections to repository:ORA-02291: integrity constraint (UNDRAVUE.CBP_DB_CONNECTION_FK01) violated - parent key not found

[18/12/18 12:51:39:039 IST] ERROR RepositoryDAOImpl registerConnections: Error occured while registering connections to repository:ORA-02291: integrity constraint (UNDRAVUE.CBP_DB_CONNECTION_FK01) violated - parent key not found

[18/12/18 12:52:17:017 IST] ERROR RepositoryDAOImpl registerConnections: Error occured while registering connections to repository:ORA-02291: integrity constraint (UNDRAVUE.CBP_DB_CONNECTION_FK01) violated - parent key not found

[18/12/18 04:10:15:015 IST] ERROR RuleGroupDAOImpl unassignRulesFromLagacyCode: Error occured while assigning rule to legacy:ORA-00936: missing expression

[18/12/18 04:11:04:004 IST] ERROR RuleGroupDAOImpl assignRulesToLagacyCode: Error occured while assigning rule to legacy:ORA-00936: missing expression

[02/01/19 02:53:13:013 IST] ERROR UserDAOImpl modifyUser: Error occured while updating user details:ORA-12899: value too large for column "UNDRAVUE"."CBP_USER_SECURITY"."CAN_CREATE_USER_RULE_LIST" (actual: 4, maximum: 1)

[02/01/19 02:54:25:025 IST] ERROR UserDAOImpl modifyUser: Error occured while updating user details:ORA-12899: value too large for column "UNDRAVUE"."CBP_USER_SECURITY"."CAN_CREATE_USER_RULE_LIST" (actual: 4, maximum: 1)

[02/01/19 02:56:22:022 IST] ERROR UserDAOImpl modifyUser: Error occured while updating user details:ORA-12899: value too large for column "UNDRAVUE"."CBP_USER_SECURITY"."CAN_CREATE_USER_RULE_LIST" (actual: 4, maximum: 1)

[02/01/19 02:56:40:040 IST] ERROR UserDAOImpl modifyUser: Error occured while updating user details:ORA-12899: value too large for column "UNDRAVUE"."CBP_USER_SECURITY"."CAN_CREATE_USER_RULE_LIST" (actual: 5, maximum: 1)

[02/01/19 02:56:42:042 IST] ERROR UserDAOImpl modifyUser: Error occured while updating user details:ORA-12899: value too large for column "UNDRAVUE"."CBP_USER_SECURITY"."CAN_CREATE_USER_RULE_LIST" (actual: 5, maximum: 1)

[02/01/19 02:56:45:045 IST] ERROR UserDAOImpl modifyUser: Error occured while updating user details:ORA-12899: value too large for column "UNDRAVUE"."CBP_USER_SECURITY"."CAN_CREATE_USER_RULE_LIST" (actual: 5, maximum: 1)

[02/01/19 02:56:47:047 IST] ERROR UserDAOImpl modifyUser: Error occured while updating user details:ORA-12899: value too large for column "UNDRAVUE"."CBP_USER_SECURITY"."CAN_CREATE_USER_RULE_LIST" (actual: 5, maximum: 1)

[02/01/19 02:56:51:051 IST] ERROR UserDAOImpl modifyUser: Error occured while updating user details:ORA-12899: value too large for column "UNDRAVUE"."CBP_USER_SECURITY"."CAN_CREATE_USER_RULE_LIST" (actual: 5, maximum: 1)

[02/01/19 02:57:19:019 IST] ERROR UserDAOImpl modifyUser: Error occured while updating user details:ORA-12899: value too large for column "UNDRAVUE"."CBP_USER_SECURITY"."CAN_CREATE_USER_RULE_LIST" (actual: 4, maximum: 1)

[02/01/19 02:57:34:034 IST] ERROR UserDAOImpl modifyUser: Error occured while updating user details:ORA-12899: value too large for column "UNDRAVUE"."CBP_USER_SECURITY"."CAN_CREATE_USER_RULE_LIST" (actual: 4, maximum: 1)

[02/01/19 04:41:53:053 IST] ERROR RulesDAOImpl getAllRulesWithParam: Error occured while getting parameters for the ruleid: null
[02/01/19 04:45:36:036 IST] ERROR RulesDAOImpl getAllRulesWithParam: Error occured while getting parameters for the ruleid: null
[09/01/19 12:16:34:034 IST] ERROR MiscellaneousDAOImpl getUserMailingDetails: Error occured while updating user mailing details :java.lang.NullPointerException
[28/01/19 01:29:59:059 IST] ERROR UserDAOImpl getUser: Error occured while getting user details:ORA-01722: invalid number

[28/01/19 01:30:36:036 IST] ERROR UserDAOImpl getUser: Error occured while getting user details:ORA-01722: invalid number

[28/01/19 01:31:17:017 IST] ERROR UserDAOImpl getUser: Error occured while getting user details:ORA-01722: invalid number

[28/01/19 01:32:04:004 IST] ERROR UserDAOImpl getUser: Error occured while getting user details:ORA-01722: invalid number

[28/01/19 01:34:47:047 IST] ERROR UserDAOImpl getUser: Error occured while getting user details:ORA-01722: invalid number

[28/01/19 01:37:09:009 IST] ERROR UserDAOImpl getUser: Error occured while getting user details:ORA-01722: invalid number

[28/01/19 01:37:42:042 IST] ERROR UserDAOImpl getUser: Error occured while getting user details:ORA-01722: invalid number

[28/01/19 01:51:49:049 IST] ERROR UserDAOImpl getUser: Error occured while getting user details:ORA-01722: invalid number

[28/01/19 01:55:03:003 IST] ERROR UserDAOImpl getUser: Error occured while getting user details:ORA-01722: invalid number

[28/01/19 02:07:15:015 IST] ERROR UserDAOImpl getUser: Error occured while getting user details:ORA-01722: invalid number

[28/01/19 02:07:53:053 IST] ERROR UserDAOImpl getUser: Error occured while getting user details:ORA-01722: invalid number

[28/01/19 02:08:54:054 IST] ERROR UserDAOImpl getUser: Error occured while getting user details:ORA-01722: invalid number

[28/01/19 02:09:43:043 IST] ERROR UserDAOImpl getUser: Error occured while getting user details:ORA-01722: invalid number

[28/01/19 02:10:49:049 IST] ERROR UserDAOImpl getUser: Error occured while getting user details:ORA-01722: invalid number

[28/01/19 02:11:19:019 IST] ERROR UserDAOImpl getUser: Error occured while getting user details:ORA-01722: invalid number

[01/02/19 01:52:05:005 IST] ERROR RulesDAOImpl getAllConfigurableRules: Error occured while getting configurable rules :HikariPool-34 - Connection is not available, request timed out after 30005ms.
[01/02/19 01:52:35:035 IST] ERROR RulesDAOImpl getAllConfigurableRules: Error occured while getting configurable rules :HikariPool-34 - Connection is not available, request timed out after 30001ms.
[01/02/19 01:53:00:000 IST] ERROR RulesDAOImpl getAllConfigurableRules: Error occured while getting configurable rules :HikariPool-34 - Connection is not available, request timed out after 30007ms.
[01/02/19 01:56:32:032 IST] ERROR RulesDAOImpl getAllConfigurableRules: Error occured while getting configurable rules :HikariPool-34 - Connection is not available, request timed out after 30000ms.
[01/02/19 01:56:54:054 IST] ERROR RulesDAOImpl getAllConfigurableRules: Error occured while getting configurable rules :HikariPool-34 - Connection is not available, request timed out after 30001ms.
[01/02/19 01:56:56:056 IST] ERROR RuleGroupDAOImpl getAllSharedRuleList: Error occured while getting all rule lists by user - group:HikariPool-34 - Connection is not available, request timed out after 30002ms.
[01/02/19 01:57:00:000 IST] ERROR RulesDAOImpl getAllConfigurableRules: Error occured while getting configurable rules :HikariPool-34 - Connection is not available, request timed out after 30001ms.
[01/02/19 01:57:02:002 IST] ERROR RulesDAOImpl getAllConfigurableRules: Error occured while getting configurable rules :HikariPool-34 - Connection is not available, request timed out after 30002ms.
[01/02/19 01:57:02:002 IST] ERROR RulesDAOImpl getAllConfigurableRules: Error occured while getting configurable rules :HikariPool-34 - Connection is not available, request timed out after 30002ms.
[01/02/19 01:57:02:002 IST] ERROR RulesDAOImpl getAllConfigurableRules: Error occured while getting configurable rules :HikariPool-34 - Connection is not available, request timed out after 30002ms.
[01/02/19 01:57:24:024 IST] ERROR ProjectDAOImpl getAllProjects: Error occurred while getting project details:HikariPool-34 - Connection is not available, request timed out after 30001ms.
[01/02/19 01:57:26:026 IST] ERROR ProjectDAOImpl getUserAdminProjects: Error occurred while getting project details:HikariPool-34 - Connection is not available, request timed out after 30011ms.
[01/02/19 01:57:30:030 IST] ERROR BatchDAOImpl getAllBatchGroups: Error occured while getting batch groups for user id 1 due to HikariPool-34 - Connection is not available, request timed out after 30003ms.
[01/02/19 01:58:30:030 IST] ERROR MetricsDAOImpl getAllMetricsReportByUser: Error occured while getting report metrics for user -1- due to :HikariPool-34 - Connection is not available, request timed out after 30003ms.
[01/02/19 01:59:00:000 IST] ERROR MetricsDAOImpl getAllSharedMetricsReportByUser: Error occured while getting report metrics for user -1- due to :HikariPool-34 - Connection is not available, request timed out after 30003ms.
[18/02/19 05:27:18:018 IST] ERROR GenericDAO getConnection: Error occurred while getting the connection:ORA-28000: the account is locked

[18/02/19 05:27:18:018 IST] ERROR GenericDAO getConnection: Error occurred while getting the connection:ORA-28000: the account is locked

[18/02/19 05:27:18:018 IST] ERROR GenericDAO getConnection: Error occurred while getting the connection:ORA-28000: the account is locked

[18/02/19 05:27:29:029 IST] ERROR GenericDAO getConnection: Error occurred while getting the connection:ORA-28000: the account is locked

[18/02/19 05:34:04:004 IST] ERROR GenericDAO getConnection: Error occurred while getting the connection:ORA-28000: the account is locked

[18/02/19 05:34:25:025 IST] ERROR GenericDAO getConnection: Error occurred while getting the connection:ORA-28000: the account is locked

[18/02/19 06:01:50:050 IST] ERROR GenericDAO getConnection: Error occurred while getting the connection:ORA-28000: the account is locked

[18/02/19 06:04:29:029 IST] ERROR GenericDAO getConnection: Error occurred while getting the connection:ORA-28000: the account is locked

[18/02/19 06:04:58:058 IST] ERROR GenericDAO getConnection: Error occurred while getting the connection:ORA-28000: the account is locked

[25/02/19 04:24:17:017 IST] ERROR RepositoryDAOImpl unRegisterFolders: Error occured while unassigning folders from repository (1,DEV,4,1,null,-,INFA,9.x,9x,-,3,Oracle,ORA,11.x,11x,-,localhost,1521,infa102devrep,infa102devrep,infa102devrep,xe,[21,EXCESS_SURPLUS_DATA_MART,-, 3,FOLDER-AAA,-, 4,FOLDER-BBB,-, 8,FOLDER-CCC,-, 14,FOLDER-DDD,-, 15,FOLDER-EEE,-, 16,FOLDER-FFF,-, 19,Metrics_Reporting,-, 17,Metrics_Reporting_SRC,-, 18,Metrics_Reporting_TGT,-, 13,PCRS01_SIGI_CI,-, 2,SHARED,-, 20,SOG_ANALYTIC_APPS,-],null,null,-).:ORA-02292: integrity constraint (UNDRAVUE.R079) violated - child record found

[25/02/19 04:24:23:023 IST] ERROR RepositoryDAOImpl unRegisterFolders: Error occured while unassigning folders from repository (1,DEV,4,1,null,-,INFA,9.x,9x,-,3,Oracle,ORA,11.x,11x,-,localhost,1521,infa102devrep,infa102devrep,infa102devrep,xe,[21,EXCESS_SURPLUS_DATA_MART,-, 3,FOLDER-AAA,-, 4,FOLDER-BBB,-, 8,FOLDER-CCC,-, 14,FOLDER-DDD,-, 15,FOLDER-EEE,-, 16,FOLDER-FFF,-, 19,Metrics_Reporting,-, 17,Metrics_Reporting_SRC,-, 18,Metrics_Reporting_TGT,-, 13,PCRS01_SIGI_CI,-, 2,SHARED,-, 20,SOG_ANALYTIC_APPS,-],null,null,-).:ORA-01407: cannot update ("UNDRAVUE"."CBP_CODE_OBJECT"."CBP_FOLDER_ID") to NULL

[25/02/19 04:24:32:032 IST] ERROR RepositoryDAOImpl unRegisterFolders: Error occured while unassigning folders from repository (1,DEV,4,1,null,-,INFA,9.x,9x,-,3,Oracle,ORA,11.x,11x,-,localhost,1521,infa102devrep,infa102devrep,infa102devrep,xe,[21,EXCESS_SURPLUS_DATA_MART,-, 3,FOLDER-AAA,-, 4,FOLDER-BBB,-, 8,FOLDER-CCC,-, 14,FOLDER-DDD,-, 15,FOLDER-EEE,-, 16,FOLDER-FFF,-, 19,Metrics_Reporting,-, 17,Metrics_Reporting_SRC,-, 18,Metrics_Reporting_TGT,-, 13,PCRS01_SIGI_CI,-, 2,SHARED,-, 20,SOG_ANALYTIC_APPS,-],null,null,-).:ORA-02292: integrity constraint (UNDRAVUE.R397) violated - child record found

[25/02/19 04:24:36:036 IST] ERROR RepositoryDAOImpl unRegisterFolders: Error occured while unassigning folders from repository (1,DEV,4,1,null,-,INFA,9.x,9x,-,3,Oracle,ORA,11.x,11x,-,localhost,1521,infa102devrep,infa102devrep,infa102devrep,xe,[21,EXCESS_SURPLUS_DATA_MART,-, 3,FOLDER-AAA,-, 4,FOLDER-BBB,-, 8,FOLDER-CCC,-, 14,FOLDER-DDD,-, 15,FOLDER-EEE,-, 16,FOLDER-FFF,-, 19,Metrics_Reporting,-, 17,Metrics_Reporting_SRC,-, 18,Metrics_Reporting_TGT,-, 13,PCRS01_SIGI_CI,-, 2,SHARED,-, 20,SOG_ANALYTIC_APPS,-],null,null,-).:ORA-02292: integrity constraint (UNDRAVUE.R079) violated - child record found

[25/02/19 04:24:49:049 IST] ERROR RepositoryDAOImpl unRegisterFolders: Error occured while unassigning folders from repository (1,DEV,4,1,null,-,INFA,9.x,9x,-,3,Oracle,ORA,11.x,11x,-,localhost,1521,infa102devrep,infa102devrep,infa102devrep,xe,[21,EXCESS_SURPLUS_DATA_MART,-, 3,FOLDER-AAA,-, 4,FOLDER-BBB,-, 8,FOLDER-CCC,-, 14,FOLDER-DDD,-, 15,FOLDER-EEE,-, 16,FOLDER-FFF,-, 19,Metrics_Reporting,-, 17,Metrics_Reporting_SRC,-, 18,Metrics_Reporting_TGT,-, 13,PCRS01_SIGI_CI,-, 2,SHARED,-, 20,SOG_ANALYTIC_APPS,-],null,null,-).:ORA-01407: cannot update ("UNDRAVUE"."CBP_CODE_OBJECT"."CBP_FOLDER_ID") to NULL

[25/02/19 04:27:40:040 IST] ERROR RepositoryDAOImpl unRegisterFolders: Error occured while unassigning folders from repository (1,DEV,4,1,null,-,INFA,9.x,9x,-,3,Oracle,ORA,11.x,11x,-,localhost,1521,infa102devrep,infa102devrep,infa102devrep,xe,[21,EXCESS_SURPLUS_DATA_MART,-, 3,FOLDER-AAA,-, 4,FOLDER-BBB,-, 8,FOLDER-CCC,-, 14,FOLDER-DDD,-, 15,FOLDER-EEE,-, 16,FOLDER-FFF,-, 19,Metrics_Reporting,-, 17,Metrics_Reporting_SRC,-, 18,Metrics_Reporting_TGT,-, 13,PCRS01_SIGI_CI,-, 2,SHARED,-, 20,SOG_ANALYTIC_APPS,-],null,null,-).:ORA-01407: cannot update ("UNDRAVUE"."CBP_CODE_OBJECT"."CBP_FOLDER_ID") to NULL

[25/02/19 04:27:51:051 IST] ERROR RepositoryDAOImpl unRegisterFolders: Error occured while unassigning folders from repository (1,DEV,4,1,null,-,INFA,9.x,9x,-,3,Oracle,ORA,11.x,11x,-,localhost,1521,infa102devrep,infa102devrep,infa102devrep,xe,[21,EXCESS_SURPLUS_DATA_MART,-, 3,FOLDER-AAA,-, 4,FOLDER-BBB,-, 14,FOLDER-DDD,-, 15,FOLDER-EEE,-, 16,FOLDER-FFF,-, 19,Metrics_Reporting,-, 17,Metrics_Reporting_SRC,-, 18,Metrics_Reporting_TGT,-, 13,PCRS01_SIGI_CI,-, 2,SHARED,-, 20,SOG_ANALYTIC_APPS,-],null,null,-).:ORA-02292: integrity constraint (UNDRAVUE.R397) violated - child record found

[26/02/19 12:59:01:001 IST] ERROR RulesDAOImpl getFullRuleDescription: Error occured while getting description for the ruleid: 24Invalid column name
[26/02/19 12:59:26:026 IST] ERROR RulesDAOImpl getFullRuleDescription: Error occured while getting description for the ruleid: 25Invalid column name
[26/02/19 01:06:16:016 IST] ERROR RulesDAOImpl getFullRuleDescription: Error occured while getting description for the ruleid: 24Invalid column name
[11/09/19 12:44:34:034 IST] ERROR ProjectDAOImpl createProject: Error occurred while creating the project:ORA-00001: unique constraint (UNDRAVUE.XPKCBP_PROJECT) violated

